c:\users\csuftitan\downloads\snakegame-master (1)\snakegame-master\msvc++v15.8 (2017) solution space\consoleapplication\x64\debug\vc142.pdb
c:\users\csuftitan\downloads\snakegame-master (1)\snakegame-master\msvc++v15.8 (2017) solution space\consoleapplication\x64\debug\vc142.idb
c:\users\csuftitan\downloads\snakegame-master (1)\snakegame-master\msvc++v15.8 (2017) solution space\consoleapplication\x64\debug\sourcecode\domain_layer\game\game.sbr
c:\users\csuftitan\downloads\snakegame-master (1)\snakegame-master\msvc++v15.8 (2017) solution space\consoleapplication\x64\debug\sourcecode\domain_layer\game\game.nativecodeanalysis.sarif
c:\users\csuftitan\downloads\snakegame-master (1)\snakegame-master\msvc++v15.8 (2017) solution space\consoleapplication\x64\debug\sourcecode\domain_layer\game\game.nativecodeanalysis.xml
c:\users\csuftitan\downloads\snakegame-master (1)\snakegame-master\msvc++v15.8 (2017) solution space\consoleapplication\x64\debug\sourcecode\domain_layer\game\game.obj
c:\users\csuftitan\downloads\snakegame-master (1)\snakegame-master\msvc++v15.8 (2017) solution space\consoleapplication\x64\debug\sourcecode\domain_layer\game\game.asm
c:\users\csuftitan\downloads\snakegame-master (1)\snakegame-master\msvc++v15.8 (2017) solution space\consoleapplication\x64\debug\sourcecode\domain_layer\player\player.sbr
c:\users\csuftitan\downloads\snakegame-master (1)\snakegame-master\msvc++v15.8 (2017) solution space\consoleapplication\x64\debug\sourcecode\domain_layer\player\player.nativecodeanalysis.sarif
c:\users\csuftitan\downloads\snakegame-master (1)\snakegame-master\msvc++v15.8 (2017) solution space\consoleapplication\x64\debug\sourcecode\domain_layer\player\player.nativecodeanalysis.xml
c:\users\csuftitan\downloads\snakegame-master (1)\snakegame-master\msvc++v15.8 (2017) solution space\consoleapplication\x64\debug\sourcecode\domain_layer\player\player.obj
c:\users\csuftitan\downloads\snakegame-master (1)\snakegame-master\msvc++v15.8 (2017) solution space\consoleapplication\x64\debug\sourcecode\domain_layer\player\player.asm
c:\users\csuftitan\downloads\snakegame-master (1)\snakegame-master\msvc++v15.8 (2017) solution space\consoleapplication\x64\debug\sourcecode\main.sbr
c:\users\csuftitan\downloads\snakegame-master (1)\snakegame-master\msvc++v15.8 (2017) solution space\consoleapplication\x64\debug\sourcecode\main.nativecodeanalysis.sarif
c:\users\csuftitan\downloads\snakegame-master (1)\snakegame-master\msvc++v15.8 (2017) solution space\consoleapplication\x64\debug\sourcecode\main.nativecodeanalysis.xml
c:\users\csuftitan\downloads\snakegame-master (1)\snakegame-master\msvc++v15.8 (2017) solution space\consoleapplication\x64\debug\sourcecode\main.obj
c:\users\csuftitan\downloads\snakegame-master (1)\snakegame-master\msvc++v15.8 (2017) solution space\consoleapplication\x64\debug\sourcecode\main.asm
c:\users\csuftitan\downloads\snakegame-master (1)\snakegame-master\msvc++v15.8 (2017) solution space\consoleapplication\x64\debug\sourcecode\technical_services_layer\payment\creditcard.sbr
c:\users\csuftitan\downloads\snakegame-master (1)\snakegame-master\msvc++v15.8 (2017) solution space\consoleapplication\x64\debug\sourcecode\technical_services_layer\payment\creditcard.nativecodeanalysis.sarif
c:\users\csuftitan\downloads\snakegame-master (1)\snakegame-master\msvc++v15.8 (2017) solution space\consoleapplication\x64\debug\sourcecode\technical_services_layer\payment\creditcard.nativecodeanalysis.xml
c:\users\csuftitan\downloads\snakegame-master (1)\snakegame-master\msvc++v15.8 (2017) solution space\consoleapplication\x64\debug\sourcecode\technical_services_layer\payment\creditcard.obj
c:\users\csuftitan\downloads\snakegame-master (1)\snakegame-master\msvc++v15.8 (2017) solution space\consoleapplication\x64\debug\sourcecode\technical_services_layer\payment\creditcard.asm
c:\users\csuftitan\downloads\snakegame-master (1)\snakegame-master\msvc++v15.8 (2017) solution space\consoleapplication\x64\debug\consolea.de35c98a.tlog\cl.command.1.tlog
c:\users\csuftitan\downloads\snakegame-master (1)\snakegame-master\msvc++v15.8 (2017) solution space\consoleapplication\x64\debug\consolea.de35c98a.tlog\cl.read.1.tlog
c:\users\csuftitan\downloads\snakegame-master (1)\snakegame-master\msvc++v15.8 (2017) solution space\consoleapplication\x64\debug\consolea.de35c98a.tlog\cl.write.1.tlog
